# JRE version: Java(TM) SE Runtime Environment (8.0_111-b14) (build 1.8.0_111-b14)
# Java VM: Java HotSpot(TM) 64-Bit Server VM (25.111-b14 mixed mode linux-amd64 compressed oops)
Heap:
 PSYoungGen      total 68096K, used 7341K [0x000000076e200000, 0x0000000772a80000, 0x00000007c0000000)
  eden space 61952K, 2% used [0x000000076e200000,0x000000076e366d38,0x0000000771e80000)
  from space 6144K, 96% used [0x0000000772000000,0x00000007725c4a40,0x0000000772600000)
  to   space 4608K, 0% used [0x0000000772600000,0x0000000772600000,0x0000000772a80000)
 ParOldGen       total 167936K, used 48K [0x00000006ca600000, 0x00000006d4a00000, 0x000000076e200000)
  object space 167936K, 0% used [0x00000006ca600000,0x00000006ca60c000,0x00000006d4a00000)
 Metaspace       used 12205K, capacity 12712K, committed 13056K, reserved 1060864K
  class space    used 1562K, capacity 1723K, committed 1792K, reserved 1048576K
GC Heap History (10 events):
Event: 13.550 GC heap before
{Heap before GC invocations=1 (full 0):
 PSYoungGen      total 73728K, used 63488K [0x000000076e200000, 0x0000000773400000, 0x00000007c0000000)
  eden space 63488K, 100% used [0x000000076e200000,0x0000000772000000,0x0000000772000000)
  from space 10240K, 0% used [0x0000000772a00000,0x0000000772a00000,0x0000000773400000)
  to   space 10240K, 0% used [0x0000000772000000,0x0000000772000000,0x0000000772a00000)
 ParOldGen       total 167936K, used 0K [0x00000006ca600000, 0x00000006d4a00000, 0x000000076e200000)
  object space 167936K, 0% used [0x00000006ca600000,0x00000006ca600000,0x00000006d4a00000)
 Metaspace       used 11699K, capacity 12184K, committed 12544K, reserved 1060864K
  class space    used 1516K, capacity 1677K, committed 1792K, reserved 1048576K
Event: 13.561 GC heap after
Heap after GC invocations=1 (full 0):
 PSYoungGen      total 73728K, used 6066K [0x000000076e200000, 0x0000000773400000, 0x00000007c0000000)
  eden space 63488K, 0% used [0x000000076e200000,0x000000076e200000,0x0000000772000000)
  from space 10240K, 59% used [0x0000000772000000,0x00000007725eca40,0x0000000772a00000)
  to   space 10240K, 0% used [0x0000000772a00000,0x0000000772a00000,0x0000000773400000)
 ParOldGen       total 167936K, used 16K [0x00000006ca600000, 0x00000006d4a00000, 0x000000076e200000)
  object space 167936K, 0% used [0x00000006ca600000,0x00000006ca604000,0x00000006d4a00000)
 Metaspace       used 11699K, capacity 12184K, committed 12544K, reserved 1060864K
  class space    used 1516K, capacity 1677K, committed 1792K, reserved 1048576K
}
Event: 30.801 GC heap before
{Heap before GC invocations=2 (full 0):
 PSYoungGen      total 73728K, used 69554K [0x000000076e200000, 0x0000000773400000, 0x00000007c0000000)
  eden space 63488K, 100% used [0x000000076e200000,0x0000000772000000,0x0000000772000000)
  from space 10240K, 59% used [0x0000000772000000,0x00000007725eca40,0x0000000772a00000)
  to   space 10240K, 0% used [0x0000000772a00000,0x0000000772a00000,0x0000000773400000)
 ParOldGen       total 167936K, used 16K [0x00000006ca600000, 0x00000006d4a00000, 0x000000076e200000)
  object space 167936K, 0% used [0x00000006ca600000,0x00000006ca604000,0x00000006d4a00000)
 Metaspace       used 11937K, capacity 12446K, committed 12800K, reserved 1060864K
  class space    used 1524K, capacity 1678K, committed 1792K, reserved 1048576K
Event: 30.805 GC heap after
Heap after GC invocations=2 (full 0):
 PSYoungGen      total 73728K, used 6050K [0x000000076e200000, 0x0000000773400000, 0x00000007c0000000)
  eden space 63488K, 0% used [0x000000076e200000,0x000000076e200000,0x0000000772000000)
  from space 10240K, 59% used [0x0000000772a00000,0x0000000772fe8a50,0x0000000773400000)
  to   space 10240K, 0% used [0x0000000772000000,0x0000000772000000,0x0000000772a00000)
 ParOldGen       total 167936K, used 24K [0x00000006ca600000, 0x00000006d4a00000, 0x000000076e200000)
  object space 167936K, 0% used [0x00000006ca600000,0x00000006ca606000,0x00000006d4a00000)
 Metaspace       used 11937K, capacity 12446K, committed 12800K, reserved 1060864K
  class space    used 1524K, capacity 1678K, committed 1792K, reserved 1048576K
}
Event: 51.684 GC heap before
{Heap before GC invocations=3 (full 0):
 PSYoungGen      total 73728K, used 69538K [0x000000076e200000, 0x0000000773400000, 0x00000007c0000000)
  eden space 63488K, 100% used [0x000000076e200000,0x0000000772000000,0x0000000772000000)
  from space 10240K, 59% used [0x0000000772a00000,0x0000000772fe8a50,0x0000000773400000)
  to   space 10240K, 0% used [0x0000000772000000,0x0000000772000000,0x0000000772a00000)
 ParOldGen       total 167936K, used 24K [0x00000006ca600000, 0x00000006d4a00000, 0x000000076e200000)
  object space 167936K, 0% used [0x00000006ca600000,0x00000006ca606000,0x00000006d4a00000)
 Metaspace       used 12154K, capacity 12684K, committed 13056K, reserved 1060864K
  class space    used 1556K, capacity 1713K, committed 1792K, reserved 1048576K
Event: 51.688 GC heap after
Heap after GC invocations=3 (full 0):
 PSYoungGen      total 73728K, used 5954K [0x000000076e200000, 0x0000000773400000, 0x00000007c0000000)
  eden space 63488K, 0% used [0x000000076e200000,0x000000076e200000,0x0000000772000000)
  from space 10240K, 58% used [0x0000000772000000,0x00000007725d0a30,0x0000000772a00000)
  to   space 10240K, 0% used [0x0000000772a00000,0x0000000772a00000,0x0000000773400000)
 ParOldGen       total 167936K, used 32K [0x00000006ca600000, 0x00000006d4a00000, 0x000000076e200000)
  object space 167936K, 0% used [0x00000006ca600000,0x00000006ca608000,0x00000006d4a00000)
 Metaspace       used 12154K, capacity 12684K, committed 13056K, reserved 1060864K
  class space    used 1556K, capacity 1713K, committed 1792K, reserved 1048576K
}
Event: 72.200 GC heap before
{Heap before GC invocations=4 (full 0):
 PSYoungGen      total 73728K, used 69442K [0x000000076e200000, 0x0000000773400000, 0x00000007c0000000)
  eden space 63488K, 100% used [0x000000076e200000,0x0000000772000000,0x0000000772000000)
  from space 10240K, 58% used [0x0000000772000000,0x00000007725d0a30,0x0000000772a00000)
  to   space 10240K, 0% used [0x0000000772a00000,0x0000000772a00000,0x0000000773400000)
 ParOldGen       total 167936K, used 32K [0x00000006ca600000, 0x00000006d4a00000, 0x000000076e200000)
  object space 167936K, 0% used [0x00000006ca600000,0x00000006ca608000,0x00000006d4a00000)
 Metaspace       used 12205K, capacity 12712K, committed 13056K, reserved 1060864K
  class space    used 1562K, capacity 1723K, committed 1792K, reserved 1048576K
Event: 72.205 GC heap after
Heap after GC invocations=4 (full 0):
 PSYoungGen      total 73728K, used 5906K [0x000000076e200000, 0x0000000773400000, 0x00000007c0000000)
  eden space 63488K, 0% used [0x000000076e200000,0x000000076e200000,0x0000000772000000)
  from space 10240K, 57% used [0x0000000772a00000,0x0000000772fc4a40,0x0000000773400000)
  to   space 10240K, 0% used [0x0000000772000000,0x0000000772000000,0x0000000772a00000)
 ParOldGen       total 167936K, used 40K [0x00000006ca600000, 0x00000006d4a00000, 0x000000076e200000)
  object space 167936K, 0% used [0x00000006ca600000,0x00000006ca60a000,0x00000006d4a00000)
 Metaspace       used 12205K, capacity 12712K, committed 13056K, reserved 1060864K
  class space    used 1562K, capacity 1723K, committed 1792K, reserved 1048576K
}
Event: 102.801 GC heap before
{Heap before GC invocations=5 (full 0):
 PSYoungGen      total 73728K, used 69394K [0x000000076e200000, 0x0000000773400000, 0x00000007c0000000)
  eden space 63488K, 100% used [0x000000076e200000,0x0000000772000000,0x0000000772000000)
  from space 10240K, 57% used [0x0000000772a00000,0x0000000772fc4a40,0x0000000773400000)
  to   space 10240K, 0% used [0x0000000772000000,0x0000000772000000,0x0000000772a00000)
 ParOldGen       total 167936K, used 40K [0x00000006ca600000, 0x00000006d4a00000, 0x000000076e200000)
  object space 167936K, 0% used [0x00000006ca600000,0x00000006ca60a000,0x00000006d4a00000)
 Metaspace       used 12205K, capacity 12712K, committed 13056K, reserved 1060864K
  class space    used 1562K, capacity 1723K, committed 1792K, reserved 1048576K
Event: 102.807 GC heap after
Heap after GC invocations=5 (full 0):
 PSYoungGen      total 68096K, used 5906K [0x000000076e200000, 0x0000000772a80000, 0x00000007c0000000)
  eden space 61952K, 0% used [0x000000076e200000,0x000000076e200000,0x0000000771e80000)
  from space 6144K, 96% used [0x0000000772000000,0x00000007725c4a40,0x0000000772600000)
  to   space 4608K, 0% used [0x0000000772600000,0x0000000772600000,0x0000000772a80000)
 ParOldGen       total 167936K, used 48K [0x00000006ca600000, 0x00000006d4a00000, 0x000000076e200000)
  object space 167936K, 0% used [0x00000006ca600000,0x00000006ca60c000,0x00000006d4a00000)
 Metaspace       used 12205K, capacity 12712K, committed 13056K, reserved 1060864K
  class space    used 1562K, capacity 1723K, committed 1792K, reserved 1048576K
}

