# JRE version: Java(TM) SE Runtime Environment (8.0_111-b14) (build 1.8.0_111-b14)
# Java VM: Java HotSpot(TM) 64-Bit Server VM (25.111-b14 mixed mode linux-amd64 compressed oops)
Heap:
 PSYoungGen      total 68608K, used 7892K [0x000000076e200000, 0x0000000772b80000, 0x00000007c0000000)
  eden space 61952K, 2% used [0x000000076e200000,0x000000076e367318,0x0000000771e80000)
  from space 6656K, 96% used [0x0000000772000000,0x000000077264df40,0x0000000772680000)
  to   space 5120K, 0% used [0x0000000772680000,0x0000000772680000,0x0000000772b80000)
 ParOldGen       total 167936K, used 56K [0x00000006ca600000, 0x00000006d4a00000, 0x000000076e200000)
  object space 167936K, 0% used [0x00000006ca600000,0x00000006ca60e000,0x00000006d4a00000)
 Metaspace       used 12721K, capacity 13266K, committed 13440K, reserved 1060864K
  class space    used 1641K, capacity 1816K, committed 1920K, reserved 1048576K
GC Heap History (10 events):
Event: 14.853 GC heap before
{Heap before GC invocations=1 (full 0):
 PSYoungGen      total 73728K, used 63488K [0x000000076e200000, 0x0000000773400000, 0x00000007c0000000)
  eden space 63488K, 100% used [0x000000076e200000,0x0000000772000000,0x0000000772000000)
  from space 10240K, 0% used [0x0000000772a00000,0x0000000772a00000,0x0000000773400000)
  to   space 10240K, 0% used [0x0000000772000000,0x0000000772000000,0x0000000772a00000)
 ParOldGen       total 167936K, used 0K [0x00000006ca600000, 0x00000006d4a00000, 0x000000076e200000)
  object space 167936K, 0% used [0x00000006ca600000,0x00000006ca600000,0x00000006d4a00000)
 Metaspace       used 12512K, capacity 13068K, committed 13440K, reserved 1060864K
  class space    used 1640K, capacity 1815K, committed 1920K, reserved 1048576K
Event: 14.860 GC heap after
Heap after GC invocations=1 (full 0):
 PSYoungGen      total 73728K, used 6583K [0x000000076e200000, 0x0000000773400000, 0x00000007c0000000)
  eden space 63488K, 0% used [0x000000076e200000,0x000000076e200000,0x0000000772000000)
  from space 10240K, 64% used [0x0000000772000000,0x000000077266df40,0x0000000772a00000)
  to   space 10240K, 0% used [0x0000000772a00000,0x0000000772a00000,0x0000000773400000)
 ParOldGen       total 167936K, used 24K [0x00000006ca600000, 0x00000006d4a00000, 0x000000076e200000)
  object space 167936K, 0% used [0x00000006ca600000,0x00000006ca606000,0x00000006d4a00000)
 Metaspace       used 12512K, capacity 13068K, committed 13440K, reserved 1060864K
  class space    used 1640K, capacity 1815K, committed 1920K, reserved 1048576K
}
Event: 35.484 GC heap before
{Heap before GC invocations=2 (full 0):
 PSYoungGen      total 73728K, used 70071K [0x000000076e200000, 0x0000000773400000, 0x00000007c0000000)
  eden space 63488K, 100% used [0x000000076e200000,0x0000000772000000,0x0000000772000000)
  from space 10240K, 64% used [0x0000000772000000,0x000000077266df40,0x0000000772a00000)
  to   space 10240K, 0% used [0x0000000772a00000,0x0000000772a00000,0x0000000773400000)
 ParOldGen       total 167936K, used 24K [0x00000006ca600000, 0x00000006d4a00000, 0x000000076e200000)
  object space 167936K, 0% used [0x00000006ca600000,0x00000006ca606000,0x00000006d4a00000)
 Metaspace       used 12567K, capacity 13132K, committed 13440K, reserved 1060864K
  class space    used 1640K, capacity 1815K, committed 1920K, reserved 1048576K
Event: 35.491 GC heap after
Heap after GC invocations=2 (full 0):
 PSYoungGen      total 73728K, used 6453K [0x000000076e200000, 0x0000000773400000, 0x00000007c0000000)
  eden space 63488K, 0% used [0x000000076e200000,0x000000076e200000,0x0000000772000000)
  from space 10240K, 63% used [0x0000000772a00000,0x000000077304d4b0,0x0000000773400000)
  to   space 10240K, 0% used [0x0000000772000000,0x0000000772000000,0x0000000772a00000)
 ParOldGen       total 167936K, used 32K [0x00000006ca600000, 0x00000006d4a00000, 0x000000076e200000)
  object space 167936K, 0% used [0x00000006ca600000,0x00000006ca608000,0x00000006d4a00000)
 Metaspace       used 12567K, capacity 13132K, committed 13440K, reserved 1060864K
  class space    used 1640K, capacity 1815K, committed 1920K, reserved 1048576K
}
Event: 56.278 GC heap before
{Heap before GC invocations=3 (full 0):
 PSYoungGen      total 73728K, used 69941K [0x000000076e200000, 0x0000000773400000, 0x00000007c0000000)
  eden space 63488K, 100% used [0x000000076e200000,0x0000000772000000,0x0000000772000000)
  from space 10240K, 63% used [0x0000000772a00000,0x000000077304d4b0,0x0000000773400000)
  to   space 10240K, 0% used [0x0000000772000000,0x0000000772000000,0x0000000772a00000)
 ParOldGen       total 167936K, used 32K [0x00000006ca600000, 0x00000006d4a00000, 0x000000076e200000)
  object space 167936K, 0% used [0x00000006ca600000,0x00000006ca608000,0x00000006d4a00000)
 Metaspace       used 12575K, capacity 13138K, committed 13440K, reserved 1060864K
  class space    used 1641K, capacity 1816K, committed 1920K, reserved 1048576K
Event: 56.285 GC heap after
Heap after GC invocations=3 (full 0):
 PSYoungGen      total 73728K, used 6418K [0x000000076e200000, 0x0000000773400000, 0x00000007c0000000)
  eden space 63488K, 0% used [0x000000076e200000,0x000000076e200000,0x0000000772000000)
  from space 10240K, 62% used [0x0000000772000000,0x0000000772644a40,0x0000000772a00000)
  to   space 10240K, 0% used [0x0000000772a00000,0x0000000772a00000,0x0000000773400000)
 ParOldGen       total 167936K, used 40K [0x00000006ca600000, 0x00000006d4a00000, 0x000000076e200000)
  object space 167936K, 0% used [0x00000006ca600000,0x00000006ca60a000,0x00000006d4a00000)
 Metaspace       used 12575K, capacity 13138K, committed 13440K, reserved 1060864K
  class space    used 1641K, capacity 1816K, committed 1920K, reserved 1048576K
}
Event: 75.662 GC heap before
{Heap before GC invocations=4 (full 0):
 PSYoungGen      total 73728K, used 69906K [0x000000076e200000, 0x0000000773400000, 0x00000007c0000000)
  eden space 63488K, 100% used [0x000000076e200000,0x0000000772000000,0x0000000772000000)
  from space 10240K, 62% used [0x0000000772000000,0x0000000772644a40,0x0000000772a00000)
  to   space 10240K, 0% used [0x0000000772a00000,0x0000000772a00000,0x0000000773400000)
 ParOldGen       total 167936K, used 40K [0x00000006ca600000, 0x00000006d4a00000, 0x000000076e200000)
  object space 167936K, 0% used [0x00000006ca600000,0x00000006ca60a000,0x00000006d4a00000)
 Metaspace       used 12720K, capacity 13266K, committed 13440K, reserved 1060864K
  class space    used 1641K, capacity 1816K, committed 1920K, reserved 1048576K
Event: 75.669 GC heap after
Heap after GC invocations=4 (full 0):
 PSYoungGen      total 73728K, used 6450K [0x000000076e200000, 0x0000000773400000, 0x00000007c0000000)
  eden space 63488K, 0% used [0x000000076e200000,0x000000076e200000,0x0000000772000000)
  from space 10240K, 62% used [0x0000000772a00000,0x000000077304ca40,0x0000000773400000)
  to   space 10240K, 0% used [0x0000000772000000,0x0000000772000000,0x0000000772a00000)
 ParOldGen       total 167936K, used 48K [0x00000006ca600000, 0x00000006d4a00000, 0x000000076e200000)
  object space 167936K, 0% used [0x00000006ca600000,0x00000006ca60c000,0x00000006d4a00000)
 Metaspace       used 12720K, capacity 13266K, committed 13440K, reserved 1060864K
  class space    used 1641K, capacity 1816K, committed 1920K, reserved 1048576K
}
Event: 96.459 GC heap before
{Heap before GC invocations=5 (full 0):
 PSYoungGen      total 73728K, used 69938K [0x000000076e200000, 0x0000000773400000, 0x00000007c0000000)
  eden space 63488K, 100% used [0x000000076e200000,0x0000000772000000,0x0000000772000000)
  from space 10240K, 62% used [0x0000000772a00000,0x000000077304ca40,0x0000000773400000)
  to   space 10240K, 0% used [0x0000000772000000,0x0000000772000000,0x0000000772a00000)
 ParOldGen       total 167936K, used 48K [0x00000006ca600000, 0x00000006d4a00000, 0x000000076e200000)
  object space 167936K, 0% used [0x00000006ca600000,0x00000006ca60c000,0x00000006d4a00000)
 Metaspace       used 12721K, capacity 13266K, committed 13440K, reserved 1060864K
  class space    used 1641K, capacity 1816K, committed 1920K, reserved 1048576K
Event: 96.464 GC heap after
Heap after GC invocations=5 (full 0):
 PSYoungGen      total 68608K, used 6455K [0x000000076e200000, 0x0000000772b80000, 0x00000007c0000000)
  eden space 61952K, 0% used [0x000000076e200000,0x000000076e200000,0x0000000771e80000)
  from space 6656K, 96% used [0x0000000772000000,0x000000077264df40,0x0000000772680000)
  to   space 5120K, 0% used [0x0000000772680000,0x0000000772680000,0x0000000772b80000)
 ParOldGen       total 167936K, used 56K [0x00000006ca600000, 0x00000006d4a00000, 0x000000076e200000)
  object space 167936K, 0% used [0x00000006ca600000,0x00000006ca60e000,0x00000006d4a00000)
 Metaspace       used 12721K, capacity 13266K, committed 13440K, reserved 1060864K
  class space    used 1641K, capacity 1816K, committed 1920K, reserved 1048576K
}

